Start testing: May 06 08:48 UTC
----------------------------------------------------------
1/6 Testing: bubblesort
1/6 Test: bubblesort
Command: "/home/pcsdocker/Data/ES_PCS_26/esercitazione5/build/test_bubblesort"
Directory: /home/pcsdocker/Data/ES_PCS_26/esercitazione5/build
"bubblesort" start time: May 06 08:48 UTC
Output:
----------------------------------------------------------
Tutti i test per Bubble Sort completati con successo.
<end of output>
Test time =   0.21 sec
----------------------------------------------------------
Test Passed.
"bubblesort" end time: May 06 08:48 UTC
"bubblesort" time elapsed: 00:00:00
----------------------------------------------------------

2/6 Testing: insertionsort
2/6 Test: insertionsort
Command: "/home/pcsdocker/Data/ES_PCS_26/esercitazione5/build/test_insertionsort"
Directory: /home/pcsdocker/Data/ES_PCS_26/esercitazione5/build
"insertionsort" start time: May 06 08:48 UTC
Output:
----------------------------------------------------------
Tutti i test per Insertion Sort completati con successo. 
<end of output>
Test time =   0.04 sec
----------------------------------------------------------
Test Passed.
"insertionsort" end time: May 06 08:48 UTC
"insertionsort" time elapsed: 00:00:00
----------------------------------------------------------

3/6 Testing: selectionsort
3/6 Test: selectionsort
Command: "/home/pcsdocker/Data/ES_PCS_26/esercitazione5/build/test_selectionsort"
Directory: /home/pcsdocker/Data/ES_PCS_26/esercitazione5/build
"selectionsort" start time: May 06 08:48 UTC
Output:
----------------------------------------------------------
Tutti i test per Selection Sort completati con successo. 
<end of output>
Test time =   0.05 sec
----------------------------------------------------------
Test Passed.
"selectionsort" end time: May 06 08:48 UTC
"selectionsort" time elapsed: 00:00:00
----------------------------------------------------------

4/6 Testing: mergesort
4/6 Test: mergesort
Command: "/home/pcsdocker/Data/ES_PCS_26/esercitazione5/build/test_mergesort"
Directory: /home/pcsdocker/Data/ES_PCS_26/esercitazione5/build
"mergesort" start time: May 06 08:48 UTC
Output:
----------------------------------------------------------
Tutti i test per Merge Sort completati con successo. 
<end of output>
Test time =   0.02 sec
----------------------------------------------------------
Test Passed.
"mergesort" end time: May 06 08:48 UTC
"mergesort" time elapsed: 00:00:00
----------------------------------------------------------

5/6 Testing: quicksort
5/6 Test: quicksort
Command: "/home/pcsdocker/Data/ES_PCS_26/esercitazione5/build/test_quicksort"
Directory: /home/pcsdocker/Data/ES_PCS_26/esercitazione5/build
"quicksort" start time: May 06 08:48 UTC
Output:
----------------------------------------------------------
Tutti i test per Quick Sort completati con successo. 
<end of output>
Test time =   0.02 sec
----------------------------------------------------------
Test Passed.
"quicksort" end time: May 06 08:48 UTC
"quicksort" time elapsed: 00:00:00
----------------------------------------------------------

6/6 Testing: quicksort_modificato
6/6 Test: quicksort_modificato
Command: "/home/pcsdocker/Data/ES_PCS_26/esercitazione5/build/test_quicksort_modificato"
Directory: /home/pcsdocker/Data/ES_PCS_26/esercitazione5/build
"quicksort_modificato" start time: May 06 08:48 UTC
Output:
----------------------------------------------------------
Tutti i test per Quick Sort Modificato completati con successo. 
<end of output>
Test time =   0.02 sec
----------------------------------------------------------
Test Passed.
"quicksort_modificato" end time: May 06 08:48 UTC
"quicksort_modificato" time elapsed: 00:00:00
----------------------------------------------------------

End testing: May 06 08:48 UTC
